<?xml version="1.0" encoding="UTF-8"?>
<!-- Generated by org.testng.reporters.JUnitXMLReporter -->
<testsuite hostname="Khems-PC" ignored="2" name="Default test" tests="1" failures="0" timestamp="16 May 2019 13:29:54 GMT" time="0.052" errors="0">
  <testcase name="A" time="0.01" classname="concept.Enable_Desable"/>
  <testcase name="C" time="0.0" classname="concept.Enable_Desable">
    <ignored/>
  </testcase> <!-- C -->
  <testcase name="B" time="0.0" classname="concept.Enable_Desable">
    <ignored/>
  </testcase> <!-- B -->
</testsuite> <!-- Default test -->
