<?xml version="1.0" encoding="UTF-8"?>
<!-- Generated by org.testng.reporters.JUnitXMLReporter -->
<testsuite hostname="Khems-PC" ignored="0" name="Default test" tests="3" failures="0" timestamp="17 May 2019 09:55:38 GMT" time="0.043" errors="0">
  <testcase name="ClickOn_Login_Link" time="0.01" classname="concept.DependsOnMethod"/>
  <testcase name="Login" time="0.001" classname="concept.DependsOnMethod"/>
  <testcase name="Dashbord" time="0.001" classname="concept.DependsOnMethod"/>
</testsuite> <!-- Default test -->
