<?xml version="1.0" encoding="UTF-8"?>
<!-- Generated by org.testng.reporters.JUnitXMLReporter -->
<testsuite hostname="Khems-PC" ignored="0" name="parallel_test_exe" tests="4" failures="0" timestamp="18 May 2019 10:06:50 GMT" time="0.076" errors="0">
  <testcase name="testCase1" time="0.012" classname="concept.Parallel_test_exe_classes"/>
  <testcase name="testCase2" time="0.004" classname="concept.Parallel_test_exe_classes"/>
  <testcase name="testCase4" time="0.035" classname="concept.Parallel_test_exe_classes2"/>
  <testcase name="testCase5" time="0.002" classname="concept.Parallel_test_exe_classes2"/>
</testsuite> <!-- parallel_test_exe -->
