<?xml version="1.0" encoding="UTF-8"?>
<testng-results skipped="0" failed="0" ignored="1" total="4" passed="3">
  <reporter-output>
  </reporter-output>
  <suite name="Ecommerce" duration-ms="55" started-at="2019-05-18T07:19:38Z" finished-at="2019-05-18T07:19:38Z">
    <groups>
      <group name="regression">
        <method signature="Grouping_Test_Cases.login()[pri:1, instance:concept.Grouping_Test_Cases@2ef5e5e3]" name="login" class="concept.Grouping_Test_Cases"/>
      </group> <!-- regression -->
      <group name="sanity">
        <method signature="Grouping_Test_Cases.fundTransefer()[pri:2, instance:concept.Grouping_Test_Cases@2ef5e5e3]" name="fundTransefer" class="concept.Grouping_Test_Cases"/>
        <method signature="Grouping_Test_Cases.login()[pri:1, instance:concept.Grouping_Test_Cases@2ef5e5e3]" name="login" class="concept.Grouping_Test_Cases"/>
        <method signature="Grouping_Test_Cases.search()[pri:3, instance:concept.Grouping_Test_Cases@2ef5e5e3]" name="search" class="concept.Grouping_Test_Cases"/>
      </group> <!-- sanity -->
    </groups>
    <test name="Grouping_Test_cases" duration-ms="55" started-at="2019-05-18T07:19:38Z" finished-at="2019-05-18T07:19:38Z">
      <class name="concept.Grouping_Test_Cases">
        <test-method status="PASS" signature="login()[pri:1, instance:concept.Grouping_Test_Cases@2ef5e5e3]" name="login" duration-ms="10" started-at="2019-05-18T07:19:38Z" finished-at="2019-05-18T07:19:38Z">
          <reporter-output>
          </reporter-output>
        </test-method> <!-- login -->
        <test-method status="PASS" signature="fundTransefer()[pri:2, instance:concept.Grouping_Test_Cases@2ef5e5e3]" name="fundTransefer" duration-ms="2" started-at="2019-05-18T07:19:38Z" finished-at="2019-05-18T07:19:38Z">
          <reporter-output>
          </reporter-output>
        </test-method> <!-- fundTransefer -->
        <test-method status="PASS" signature="search()[pri:3, instance:concept.Grouping_Test_Cases@2ef5e5e3]" name="search" duration-ms="1" started-at="2019-05-18T07:19:38Z" finished-at="2019-05-18T07:19:38Z">
          <reporter-output>
          </reporter-output>
        </test-method> <!-- search -->
      </class> <!-- concept.Grouping_Test_Cases -->
    </test> <!-- Grouping_Test_cases -->
  </suite> <!-- Ecommerce -->
</testng-results>
