<?xml version="1.0" encoding="UTF-8"?>
<!-- Generated by org.testng.reporters.JUnitXMLReporter -->
<testsuite hostname="Khems-PC" ignored="1" name="Grouping_Test_cases" tests="3" failures="0" timestamp="18 May 2019 07:19:38 GMT" time="0.055" errors="0">
  <testcase name="login" time="0.01" classname="concept.Grouping_Test_Cases"/>
  <testcase name="fundTransefer" time="0.002" classname="concept.Grouping_Test_Cases"/>
  <testcase name="search" time="0.001" classname="concept.Grouping_Test_Cases"/>
  <testcase name="advanceSearch" time="0.0" classname="concept.Grouping_Test_Cases">
    <ignored/>
  </testcase> <!-- advanceSearch -->
</testsuite> <!-- Grouping_Test_cases -->
