<?xml version="1.0" encoding="UTF-8"?>
<!-- Generated by org.testng.reporters.JUnitXMLReporter -->
<testsuite hostname="Khems-PC" ignored="0" name="SanityTests" tests="6" failures="0" timestamp="18 May 2019 06:55:43 GMT" time="0.193" errors="0">
  <testcase name="addVendor" time="0.012" classname="concept.BeforeClassAndAfterClass"/>
  <testcase name="deleteVendor" time="0.008" classname="concept.BeforeClassAndAfterClass2"/>
  <testcase name="addProduct" time="0.01" classname="concept.BeforeClassAndAfterClass"/>
  <testcase name="deleteProduct" time="0.006" classname="concept.BeforeClassAndAfterClass2"/>
  <testcase name="addCurrency" time="0.004" classname="concept.BeforeClassAndAfterClass"/>
  <testcase name="deleteCurrency" time="0.005" classname="concept.BeforeClassAndAfterClass2"/>
</testsuite> <!-- SanityTests -->
